Dec 11, 2023 1:38:11 PM capstone.Log init
INFO: Loging system for Charger 0 started
Dec 11, 2023 1:38:11 PM capstone.Log info
INFO: charger 0 starting ....
Dec 11, 2023 1:38:11 PM capstone.Log info
INFO: Waiting for new car
Dec 11, 2023 1:38:12 PM capstone.Log info
INFO: Car 1 was taken from the queue and will be charged
Dec 11, 2023 1:38:12 PM capstone.Log info
INFO: Charger 0 - Start charging car 1
Dec 11, 2023 1:38:16 PM capstone.Log info
INFO: Charger 0 - Stop charging car 1
Dec 11, 2023 1:38:16 PM capstone.Log info
INFO: Waiting for new car
Dec 11, 2023 1:38:16 PM capstone.Log info
INFO: Car 10 was taken from the queue and will be charged
Dec 11, 2023 1:38:16 PM capstone.Log info
INFO: Charger 0 - Start charging car 10
Dec 11, 2023 1:38:20 PM capstone.Log info
INFO: Charger 0 - Stop charging car 10
Dec 11, 2023 1:38:20 PM capstone.Log info
INFO: Waiting for new car
Dec 11, 2023 1:38:20 PM capstone.Log info
INFO: Car 5 was taken from the queue and will be charged
Dec 11, 2023 1:38:20 PM capstone.Log info
INFO: Charger 0 - Start charging car 5
Dec 11, 2023 1:38:24 PM capstone.Log info
INFO: Charger 0 - Stop charging car 5
Dec 11, 2023 1:38:24 PM capstone.Log info
INFO: Waiting for new car
Dec 11, 2023 1:38:24 PM capstone.Log info
INFO: Car 2 was taken from the queue and will be charged
Dec 11, 2023 1:38:24 PM capstone.Log info
INFO: Charger 0 - Start charging car 2
Dec 11, 2023 1:38:28 PM capstone.Log info
INFO: Charger 0 - Stop charging car 2
Dec 11, 2023 1:38:28 PM capstone.Log info
INFO: Waiting for new car
