Dec 11, 2023 1:38:11 PM capstone.Log init
INFO: Loging system for Charger 1 started
Dec 11, 2023 1:38:11 PM capstone.Log info
INFO: charger 1 starting ....
Dec 11, 2023 1:38:11 PM capstone.Log info
INFO: Waiting for new car
Dec 11, 2023 1:38:12 PM capstone.Log info
INFO: Car 6 was taken from the queue and will be charged
Dec 11, 2023 1:38:12 PM capstone.Log info
INFO: Charger 1 - Start charging car 6
Dec 11, 2023 1:38:16 PM capstone.Log info
INFO: Charger 1 - Stop charging car 6
Dec 11, 2023 1:38:16 PM capstone.Log info
INFO: Waiting for new car
Dec 11, 2023 1:38:16 PM capstone.Log info
INFO: Car 3 was taken from the queue and will be charged
Dec 11, 2023 1:38:16 PM capstone.Log info
INFO: Charger 1 - Start charging car 3
Dec 11, 2023 1:38:20 PM capstone.Log info
INFO: Charger 1 - Stop charging car 3
Dec 11, 2023 1:38:20 PM capstone.Log info
INFO: Waiting for new car
Dec 11, 2023 1:38:20 PM capstone.Log info
INFO: Car 9 was taken from the queue and will be charged
Dec 11, 2023 1:38:20 PM capstone.Log info
INFO: Charger 1 - Start charging car 9
Dec 11, 2023 1:38:24 PM capstone.Log info
INFO: Charger 1 - Stop charging car 9
Dec 11, 2023 1:38:24 PM capstone.Log info
INFO: Waiting for new car
Dec 11, 2023 1:38:24 PM capstone.Log info
INFO: Car 14 was taken from the queue and will be charged
Dec 11, 2023 1:38:24 PM capstone.Log info
INFO: Charger 1 - Start charging car 14
Dec 11, 2023 1:38:28 PM capstone.Log info
INFO: Charger 1 - Stop charging car 14
Dec 11, 2023 1:38:28 PM capstone.Log info
INFO: Waiting for new car
