Jan 31, 2024 12:32:40 AM capstone.Log init
INFO: Loging system for Charger 0 started
Jan 31, 2024 12:32:40 AM capstone.Log info
INFO: charger 0 starting ....
Jan 31, 2024 12:32:40 AM capstone.Log info
INFO: Waiting for new car
Jan 31, 2024 12:32:40 AM capstone.Log info
INFO: charger 0 starting ....
Jan 31, 2024 12:32:40 AM capstone.Log info
INFO: Waiting for new car
Jan 31, 2024 12:32:40 AM capstone.Log info
INFO: Car 2 was taken from the waiting queue and will be charged
Jan 31, 2024 12:32:40 AM capstone.Log info
INFO: Charger 0 - Start charging car 2
Jan 31, 2024 12:32:45 AM capstone.Log info
INFO: Charger 0 - Stop charging car 2
Jan 31, 2024 12:32:45 AM capstone.Log info
INFO: Waiting for new car
Jan 31, 2024 12:32:45 AM capstone.Log info
INFO: Car 1 was taken from the waiting queue and will be charged
Jan 31, 2024 12:32:45 AM capstone.Log info
INFO: Charger 0 - Start charging car 1
Jan 31, 2024 12:32:50 AM capstone.Log info
INFO: Charger 0 - Stop charging car 1
Jan 31, 2024 12:32:50 AM capstone.Log info
INFO: Waiting for new car
Jan 31, 2024 12:32:50 AM capstone.Log info
INFO: Car 4 was taken from the waiting queue and will be charged
Jan 31, 2024 12:32:50 AM capstone.Log info
INFO: Charger 0 - Start charging car 4
Jan 31, 2024 12:32:55 AM capstone.Log info
INFO: Car 3 was taken from the waiting queue and will be charged
Jan 31, 2024 12:32:55 AM capstone.Log info
INFO: Charger 0 - Start charging car 3
Jan 31, 2024 12:32:55 AM capstone.Log info
INFO: Charger 0 - Stop charging car 4
Jan 31, 2024 12:32:55 AM capstone.Log info
INFO: Waiting for new car
Jan 31, 2024 12:33:00 AM capstone.Log info
INFO: Charger 0 - Stop charging car 3
Jan 31, 2024 12:33:00 AM capstone.Log info
INFO: Waiting for new car
Jan 31, 2024 12:33:40 AM capstone.Log info
INFO: Car 7 was taken from the booking queue and will be charged
Jan 31, 2024 12:33:40 AM capstone.Log info
INFO: Charger 0 - Start charging car 7
Jan 31, 2024 12:33:45 AM capstone.Log info
INFO: Charger 0 - Stop charging car 7
Jan 31, 2024 12:33:45 AM capstone.Log info
INFO: Waiting for new car
