Feb 02, 2024 3:47:50 PM capstone.Log init
INFO: Loging system for Charger 0 started
Feb 02, 2024 3:47:50 PM capstone.Log init
INFO: Loging system for Charger 0 started
Feb 02, 2024 3:47:50 PM capstone.Log info
INFO: charger 0 starting ....
Feb 02, 2024 3:47:50 PM capstone.Log info
INFO: Waiting for new car
Feb 02, 2024 3:47:50 PM capstone.Log info
INFO: Car 2 was taken from the waiting queue and will be charged
Feb 02, 2024 3:47:50 PM capstone.Log info
INFO: Charger 0 - Start charging car 2
Feb 02, 2024 3:47:50 PM capstone.Log info
INFO: charger 0 starting ....
Feb 02, 2024 3:47:50 PM capstone.Log info
INFO: Waiting for new car
Feb 02, 2024 3:48:00 PM capstone.Log info
INFO: Charger 0 - Stop charging car 2
Feb 02, 2024 3:48:00 PM capstone.Log info
INFO: Waiting for new car
Feb 02, 2024 3:48:00 PM capstone.Log info
INFO: Car 6 was taken from the booking queue and will be charged
Feb 02, 2024 3:48:00 PM capstone.Log info
INFO: Car 5 was taken from the booking queue and will be charged
Feb 02, 2024 3:48:00 PM capstone.Log info
INFO: Charger 0 - Start charging car 5
Feb 02, 2024 3:48:05 PM capstone.Log info
INFO: Car 0 was taken from the waiting queue and will be charged
Feb 02, 2024 3:48:05 PM capstone.Log info
INFO: Charger 0 - Start charging car 0
Feb 02, 2024 3:48:10 PM capstone.Log info
INFO: Charger 0 - Stop charging car 5
Feb 02, 2024 3:48:10 PM capstone.Log info
INFO: Waiting for new car
Feb 02, 2024 3:48:15 PM capstone.Log info
INFO: Charger 0 - Stop charging car 0
Feb 02, 2024 3:48:15 PM capstone.Log info
INFO: Waiting for new car
Feb 02, 2024 3:48:15 PM capstone.Log info
INFO: Car 4 was taken from the waiting queue and will be charged
Feb 02, 2024 3:48:15 PM capstone.Log info
INFO: Charger 0 - Start charging car 4
Feb 02, 2024 3:48:25 PM capstone.Log info
INFO: Charger 0 - Stop charging car 4
Feb 02, 2024 3:48:25 PM capstone.Log info
INFO: Waiting for new car
