Dec 02, 2023 11:21:37 AM capstone.Log init
INFO: Loging system for Charger 0 started
Dec 02, 2023 11:21:37 AM capstone.Log info
INFO: charger 0starting ....
Dec 02, 2023 11:21:37 AM capstone.Log info
INFO: Car 0 was taken from the queue and will be charged
Dec 02, 2023 11:21:37 AM capstone.Log info
INFO: Charger 0 - Start charging car 0
Dec 02, 2023 11:21:42 AM capstone.Log info
INFO: Charger 0 - Stop charging car 0
Dec 02, 2023 11:21:42 AM capstone.Log info
INFO: Car 1 was taken from the queue and will be charged
Dec 02, 2023 11:21:42 AM capstone.Log info
INFO: Charger 0 - Start charging car 1
Dec 02, 2023 11:21:47 AM capstone.Log info
INFO: Charger 0 - Stop charging car 1
Dec 02, 2023 11:21:47 AM capstone.Log info
INFO: Car 2 was taken from the queue and will be charged
Dec 02, 2023 11:21:47 AM capstone.Log info
INFO: Charger 0 - Start charging car 2
Dec 02, 2023 11:21:52 AM capstone.Log info
INFO: Charger 0 - Stop charging car 2
Dec 02, 2023 11:21:52 AM capstone.Log info
INFO: Car 3 was taken from the queue and will be charged
Dec 02, 2023 11:21:52 AM capstone.Log info
INFO: Charger 0 - Start charging car 3
Dec 02, 2023 11:21:57 AM capstone.Log info
INFO: Charger 0 - Stop charging car 3
Dec 02, 2023 11:21:57 AM capstone.Log info
INFO: Car 4 was taken from the queue and will be charged
Dec 02, 2023 11:21:57 AM capstone.Log info
INFO: Charger 0 - Start charging car 4
