Dec 02, 2023 11:21:37 AM capstone.Log init
INFO: Loging system for Charging Station 0 started
Dec 02, 2023 11:21:37 AM capstone.Log info
INFO: starting listening function
Dec 02, 2023 11:21:37 AM capstone.Log info
INFO: adding fake cars
Dec 02, 2023 11:21:37 AM capstone.Log info
INFO: adding fake cars 0
Dec 02, 2023 11:21:37 AM capstone.Log info
INFO: adding fake cars 1
Dec 02, 2023 11:21:37 AM capstone.Log info
INFO: adding fake cars 2
Dec 02, 2023 11:21:37 AM capstone.Log info
INFO: adding fake cars 3
Dec 02, 2023 11:21:37 AM capstone.Log info
INFO: adding fake cars 4
Dec 02, 2023 11:21:37 AM capstone.Log info
INFO: adding fake cars 5
Dec 02, 2023 11:21:37 AM capstone.Log info
INFO: adding fake cars 6
Dec 02, 2023 11:21:37 AM capstone.Log info
INFO: adding fake cars 7
Dec 02, 2023 11:21:37 AM capstone.Log info
INFO: adding fake cars 8
Dec 02, 2023 11:21:37 AM capstone.Log info
INFO: adding fake cars 9
Dec 02, 2023 11:21:37 AM capstone.Log info
INFO: adding fake cars 10
Dec 02, 2023 11:21:37 AM capstone.Log info
INFO: adding fake cars 11
Dec 02, 2023 11:21:37 AM capstone.Log info
INFO: adding fake cars 12
Dec 02, 2023 11:21:37 AM capstone.Log info
INFO: adding fake cars 13
Dec 02, 2023 11:21:37 AM capstone.Log info
INFO: adding fake cars 14
Dec 02, 2023 11:21:37 AM capstone.Log info
INFO: adding fake cars 15
Dec 02, 2023 11:21:37 AM capstone.Log info
INFO: adding fake cars 16
Dec 02, 2023 11:21:37 AM capstone.Log info
INFO: adding fake cars 17
Dec 02, 2023 11:21:37 AM capstone.Log info
INFO: adding fake cars 18
Dec 02, 2023 11:21:37 AM capstone.Log info
INFO: adding fake cars 19
Dec 02, 2023 11:21:37 AM capstone.Log info
INFO: adding fake cars 20
Dec 02, 2023 11:21:37 AM capstone.Log info
INFO: adding fake cars 21
Dec 02, 2023 11:21:37 AM capstone.Log info
INFO: adding fake cars 22
Dec 02, 2023 11:21:37 AM capstone.Log info
INFO: adding fake cars 23
Dec 02, 2023 11:21:37 AM capstone.Log info
INFO: adding fake cars 24
Dec 02, 2023 11:21:37 AM capstone.Log info
INFO: adding fake cars 25
Dec 02, 2023 11:21:37 AM capstone.Log info
INFO: adding fake cars 26
Dec 02, 2023 11:21:37 AM capstone.Log info
INFO: adding fake cars 27
Dec 02, 2023 11:21:37 AM capstone.Log info
INFO: adding fake cars 28
Dec 02, 2023 11:21:37 AM capstone.Log info
INFO: adding fake cars 29
Dec 02, 2023 11:21:37 AM capstone.Log info
INFO: adding fake cars 30
Dec 02, 2023 11:21:37 AM capstone.Log info
INFO: adding fake cars 31
Dec 02, 2023 11:21:37 AM capstone.Log info
INFO: adding fake cars 32
Dec 02, 2023 11:21:37 AM capstone.Log info
INFO: adding fake cars 33
Dec 02, 2023 11:21:37 AM capstone.Log info
INFO: adding fake cars 34
Dec 02, 2023 11:21:37 AM capstone.Log info
INFO: adding fake cars 35
Dec 02, 2023 11:21:37 AM capstone.Log info
INFO: adding fake cars 36
Dec 02, 2023 11:21:37 AM capstone.Log info
INFO: adding fake cars 37
Dec 02, 2023 11:21:37 AM capstone.Log info
INFO: adding fake cars 38
Dec 02, 2023 11:21:37 AM capstone.Log info
INFO: adding fake cars 39
Dec 02, 2023 11:21:37 AM capstone.Log info
INFO: adding fake cars 40
Dec 02, 2023 11:21:37 AM capstone.Log info
INFO: adding fake cars 41
Dec 02, 2023 11:21:37 AM capstone.Log info
INFO: adding fake cars 42
Dec 02, 2023 11:21:37 AM capstone.Log info
INFO: adding fake cars 43
Dec 02, 2023 11:21:37 AM capstone.Log info
INFO: adding fake cars 44
Dec 02, 2023 11:21:37 AM capstone.Log info
INFO: adding fake cars 45
Dec 02, 2023 11:21:37 AM capstone.Log info
INFO: adding fake cars 46
Dec 02, 2023 11:21:37 AM capstone.Log info
INFO: adding fake cars 47
Dec 02, 2023 11:21:37 AM capstone.Log info
INFO: adding fake cars 48
Dec 02, 2023 11:21:37 AM capstone.Log info
INFO: adding fake cars 49
Dec 02, 2023 11:21:37 AM capstone.Log info
INFO: adding fake cars 50
Dec 02, 2023 11:21:37 AM capstone.Log info
INFO: adding fake cars 51
Dec 02, 2023 11:21:37 AM capstone.Log info
INFO: adding fake cars 52
Dec 02, 2023 11:21:37 AM capstone.Log info
INFO: adding fake cars 53
Dec 02, 2023 11:21:37 AM capstone.Log info
INFO: adding fake cars 54
Dec 02, 2023 11:21:37 AM capstone.Log info
INFO: adding fake cars 55
Dec 02, 2023 11:21:37 AM capstone.Log info
INFO: adding fake cars 56
Dec 02, 2023 11:21:37 AM capstone.Log info
INFO: adding fake cars 57
Dec 02, 2023 11:21:37 AM capstone.Log info
INFO: adding fake cars 58
Dec 02, 2023 11:21:37 AM capstone.Log info
INFO: adding fake cars 59
Dec 02, 2023 11:21:37 AM capstone.Log info
INFO: adding fake cars 60
Dec 02, 2023 11:21:37 AM capstone.Log info
INFO: adding fake cars 61
Dec 02, 2023 11:21:37 AM capstone.Log info
INFO: adding fake cars 62
Dec 02, 2023 11:21:37 AM capstone.Log info
INFO: adding fake cars 63
Dec 02, 2023 11:21:37 AM capstone.Log info
INFO: adding fake cars 64
Dec 02, 2023 11:21:37 AM capstone.Log info
INFO: adding fake cars 65
Dec 02, 2023 11:21:37 AM capstone.Log info
INFO: adding fake cars 66
Dec 02, 2023 11:21:37 AM capstone.Log info
INFO: adding fake cars 67
Dec 02, 2023 11:21:37 AM capstone.Log info
INFO: adding fake cars 68
Dec 02, 2023 11:21:37 AM capstone.Log info
INFO: adding fake cars 69
Dec 02, 2023 11:21:37 AM capstone.Log info
INFO: adding fake cars 70
Dec 02, 2023 11:21:37 AM capstone.Log info
INFO: adding fake cars 71
Dec 02, 2023 11:21:37 AM capstone.Log info
INFO: adding fake cars 72
Dec 02, 2023 11:21:37 AM capstone.Log info
INFO: adding fake cars 73
Dec 02, 2023 11:21:37 AM capstone.Log info
INFO: adding fake cars 74
Dec 02, 2023 11:21:37 AM capstone.Log info
INFO: adding fake cars 75
Dec 02, 2023 11:21:37 AM capstone.Log info
INFO: adding fake cars 76
Dec 02, 2023 11:21:37 AM capstone.Log info
INFO: adding fake cars 77
Dec 02, 2023 11:21:37 AM capstone.Log info
INFO: adding fake cars 78
Dec 02, 2023 11:21:37 AM capstone.Log info
INFO: adding fake cars 79
Dec 02, 2023 11:21:37 AM capstone.Log info
INFO: adding fake cars 80
Dec 02, 2023 11:21:37 AM capstone.Log info
INFO: adding fake cars 81
Dec 02, 2023 11:21:37 AM capstone.Log info
INFO: adding fake cars 82
Dec 02, 2023 11:21:37 AM capstone.Log info
INFO: adding fake cars 83
Dec 02, 2023 11:21:37 AM capstone.Log info
INFO: adding fake cars 84
Dec 02, 2023 11:21:37 AM capstone.Log info
INFO: adding fake cars 85
Dec 02, 2023 11:21:37 AM capstone.Log info
INFO: adding fake cars 86
Dec 02, 2023 11:21:37 AM capstone.Log info
INFO: adding fake cars 87
Dec 02, 2023 11:21:37 AM capstone.Log info
INFO: adding fake cars 88
Dec 02, 2023 11:21:37 AM capstone.Log info
INFO: adding fake cars 89
Dec 02, 2023 11:21:37 AM capstone.Log info
INFO: adding fake cars 90
Dec 02, 2023 11:21:37 AM capstone.Log info
INFO: adding fake cars 91
Dec 02, 2023 11:21:37 AM capstone.Log info
INFO: adding fake cars 92
Dec 02, 2023 11:21:37 AM capstone.Log info
INFO: adding fake cars 93
Dec 02, 2023 11:21:37 AM capstone.Log info
INFO: adding fake cars 94
Dec 02, 2023 11:21:37 AM capstone.Log info
INFO: adding fake cars 95
Dec 02, 2023 11:21:37 AM capstone.Log info
INFO: adding fake cars 96
Dec 02, 2023 11:21:37 AM capstone.Log info
INFO: adding fake cars 97
Dec 02, 2023 11:21:37 AM capstone.Log info
INFO: adding fake cars 98
Dec 02, 2023 11:21:37 AM capstone.Log info
INFO: adding fake cars 99
Dec 02, 2023 11:21:37 AM capstone.Log info
INFO: starting each charger
Dec 02, 2023 11:21:37 AM capstone.Log info
INFO: starting charger 0
Dec 02, 2023 11:21:37 AM capstone.Log info
INFO: starting charger 1
