Dec 02, 2023 12:11:46 PM capstone.Log init
INFO: Loging system for Charger 0 started
Dec 02, 2023 12:11:46 PM capstone.Log info
INFO: charger 0 starting ....
Dec 02, 2023 12:11:46 PM capstone.Log info
INFO: Waiting for new car
Dec 02, 2023 12:11:46 PM capstone.Log info
INFO: Car 0 was taken from the queue and will be charged
Dec 02, 2023 12:11:46 PM capstone.Log info
INFO: Charger 0 - Start charging car 0
Dec 02, 2023 12:11:51 PM capstone.Log info
INFO: Charger 0 - Stop charging car 0
Dec 02, 2023 12:11:51 PM capstone.Log info
INFO: Waiting for new car
Dec 02, 2023 12:11:51 PM capstone.Log info
INFO: Car 3 was taken from the queue and will be charged
Dec 02, 2023 12:11:51 PM capstone.Log info
INFO: Charger 0 - Start charging car 3
Dec 02, 2023 12:11:56 PM capstone.Log info
INFO: Charger 0 - Stop charging car 3
Dec 02, 2023 12:11:56 PM capstone.Log info
INFO: Waiting for new car
Dec 02, 2023 12:11:56 PM capstone.Log info
INFO: Car 5 was taken from the queue and will be charged
Dec 02, 2023 12:11:56 PM capstone.Log info
INFO: Charger 0 - Start charging car 5
Dec 02, 2023 12:12:01 PM capstone.Log info
INFO: Charger 0 - Stop charging car 5
Dec 02, 2023 12:12:01 PM capstone.Log info
INFO: Waiting for new car
Dec 02, 2023 12:12:01 PM capstone.Log info
INFO: Car 7 was taken from the queue and will be charged
Dec 02, 2023 12:12:01 PM capstone.Log info
INFO: Charger 0 - Start charging car 7
Dec 02, 2023 12:12:06 PM capstone.Log info
INFO: Charger 0 - Stop charging car 7
Dec 02, 2023 12:12:06 PM capstone.Log info
INFO: Waiting for new car
Dec 02, 2023 12:12:06 PM capstone.Log info
INFO: Car 8 was taken from the queue and will be charged
Dec 02, 2023 12:12:06 PM capstone.Log info
INFO: Charger 0 - Start charging car 8
Dec 02, 2023 12:12:11 PM capstone.Log info
INFO: Charger 0 - Stop charging car 8
Dec 02, 2023 12:12:11 PM capstone.Log info
INFO: Waiting for new car
