Dec 02, 2023 12:18:54 PM capstone.Log init
INFO: Loging system for Charging Station 0 started
Dec 02, 2023 12:18:55 PM capstone.Log info
INFO:  adding new charger to station 0 with id 0
Dec 02, 2023 12:18:55 PM capstone.Log info
INFO:  adding new charger to station 0 with id 1
Dec 02, 2023 12:18:55 PM capstone.Log info
INFO: starting listening function
Dec 02, 2023 12:18:55 PM capstone.Log info
INFO: adding fake cars
Dec 02, 2023 12:18:55 PM capstone.Log info
INFO: adding fake cars 0
Dec 02, 2023 12:18:55 PM capstone.Log info
INFO: adding fake cars 1
Dec 02, 2023 12:18:55 PM capstone.Log info
INFO: adding fake cars 2
Dec 02, 2023 12:18:55 PM capstone.Log info
INFO: adding fake cars 3
Dec 02, 2023 12:18:55 PM capstone.Log info
INFO: adding fake cars 4
Dec 02, 2023 12:18:55 PM capstone.Log info
INFO: adding fake cars 5
Dec 02, 2023 12:18:55 PM capstone.Log info
INFO: adding fake cars 6
Dec 02, 2023 12:18:55 PM capstone.Log info
INFO: adding fake cars 7
Dec 02, 2023 12:18:55 PM capstone.Log info
INFO: adding fake cars 8
Dec 02, 2023 12:18:55 PM capstone.Log info
INFO: adding fake cars 9
Dec 02, 2023 12:18:55 PM capstone.Log info
INFO: starting each charger
Dec 02, 2023 12:18:55 PM capstone.Log info
INFO: starting charger 0
Dec 02, 2023 12:18:55 PM capstone.Log info
INFO: starting charger 1
Dec 02, 2023 12:18:55 PM capstone.Log info
INFO: waiting for all charger to finish
